
ROM used:   671/8192 (8%)
            671/8192 (8%) including unused fragments

            0.5 Average locations per line
            5.1 Average locations per statement

RAM used:   17/368 (5%) at main() level
            26/368 (7%) worst case

Stack used: 0 worst case (0 in main + 0 for interrupts)
Stack size: 8

Lines Stmts  %   Files
----- ----- ---  -----
   35    14  11  main.c
   10     0   0  main.h
  661     0   0  ..\..\..\..\Program Files (x86)\PICC\Devices\16F877A.h
  456    84  64  ..\..\..\..\Program Files (x86)\PICC\Drivers\lcd.c
   77    34  26  DHT11.c
----- -----
 1239   132 Total

Page ROM  %  RAM   Vol Diff  Functions:
---- --- --- ---   --- ----  ----------
0     21   3    1             @delay_ms1
0      8   1    0             @const629
 Inline         3   596  5.9  lcd_read_byte
0      6   1    0    59  4.2  lcd_read_nibble
0     12   2    1   179  3.3  lcd_send_nibble
 Inline         3   460  4.7  lcd_send_byte
0    113  17    2   667  5.9  lcd_init
0     10   1    0    32  1.0  dht_init
 Inline         3   356  6.8  leer_dht_dat
0    144  21    6   575  5.6  read_dht
0    129  19    0   394  2.8  MAIN
0     12   2    0             @const677
0     86  13    5             @PSTRINGCN7_9600_62_63
0     21   3    3             @DIV88
0     91  14    6             @PRINTF_D_9600_62_63
0     14   2    0             @const686
 Inline         0             @cinit1

Program metrics:
    Functions               9
    Statements              132
    Comments                218
    Volume (V)              5106
    Difficulty (D)          38.7
    Effort to implement (E) 197516
    Time to implement (T)   3 hours, 3 minutes
    Est Delivered Bugs (B)  1
    Cyclomatic Complexity   7
    Maintainability (MI)    143

 Segment     Used  Free
-----------  ----  ----
00000-00003     4  0  
00004-007FF   667  1377  
00800-00FFF     0  2048  
01000-017FF     0  2048  
01800-01FFF     0  2048  



